<?xml version="1.0" encoding="UTF-8"?>
<!-- Generated by org.testng.reporters.JUnitXMLReporter -->
<testsuite ignored="7" hostname="IN-HLWSZD3" failures="2" tests="2" name="Luma Test" time="0.124" errors="0" timestamp="2023-05-02T17:35:17 IST">
  <testcase classname="com.nagarro.automation.testSuite.LumaTestSuite" name="VerifyApplyFilter" time="0.068">
    <failure type="java.lang.NullPointerException">
      <![CDATA[java.lang.NullPointerException
at org.openqa.selenium.support.pagefactory.DefaultElementLocator.findElement(DefaultElementLocator.java:70)
at org.openqa.selenium.support.pagefactory.AjaxElementLocator.access$001(AjaxElementLocator.java:39)
at org.openqa.selenium.support.pagefactory.AjaxElementLocator$SlowLoadingElement.isLoaded(AjaxElementLocator.java:165)
at org.openqa.selenium.support.ui.SlowLoadableComponent.get(SlowLoadableComponent.java:51)
at org.openqa.selenium.support.pagefactory.AjaxElementLocator.findElement(AjaxElementLocator.java:95)
at org.openqa.selenium.support.pagefactory.internal.LocatingElementHandler.invoke(LocatingElementHandler.java:39)
at com.sun.proxy.$Proxy17.click(Unknown Source)
at com.nagarro.automation.pages.HomePage.OpenhomePage(HomePage.java:78)
at com.nagarro.automation.testCase.ApplyFilterTestCase.OpenHomePage(ApplyFilterTestCase.java:38)
at com.nagarro.automation.testCase.ApplyFilterTestCase.ApplyFilterTC(ApplyFilterTestCase.java:78)
at com.nagarro.automation.testSuite.LumaTestSuite.VerifyApplyFilter(LumaTestSuite.java:84)
at java.base/java.util.ArrayList.forEach(ArrayList.java:1540)
... Removed 27 stack frames]]>
    </failure>
  </testcase> <!-- VerifyApplyFilter -->
  <testcase classname="com.nagarro.automation.testSuite.LumaTestSuite" name="VerifySearch" time="0.007">
    <failure type="java.lang.NullPointerException">
      <![CDATA[java.lang.NullPointerException
at com.nagarro.automation.pages.HomePage.getPageTitle(HomePage.java:65)
at com.nagarro.automation.testCase.SearchTestCase.checkpageLoad(SearchTestCase.java:27)
at com.nagarro.automation.testCase.SearchTestCase.SearchTC(SearchTestCase.java:47)
at com.nagarro.automation.testSuite.LumaTestSuite.VerifySearch(LumaTestSuite.java:55)
at java.base/java.util.ArrayList.forEach(ArrayList.java:1540)
... Removed 27 stack frames]]>
    </failure>
  </testcase> <!-- VerifySearch -->
  <testcase classname="com.nagarro.automation.testSuite.LumaTestSuite" name="VerifyCreateAnAccountPage" time="0.0">
    <ignored/>
  </testcase> <!-- VerifyCreateAnAccountPage -->
  <testcase classname="com.nagarro.automation.testSuite.LumaTestSuite" name="VerifyLoginWithoutCredentials" time="0.0">
    <ignored/>
  </testcase> <!-- VerifyLoginWithoutCredentials -->
  <testcase classname="com.nagarro.automation.testSuite.LumaTestSuite" name="VerifyLoginWithInvalidCred" time="0.0">
    <ignored/>
  </testcase> <!-- VerifyLoginWithInvalidCred -->
  <testcase classname="com.nagarro.automation.testSuite.LumaTestSuite" name="VerifyloginPage" time="0.0">
    <ignored/>
  </testcase> <!-- VerifyloginPage -->
  <testcase classname="com.nagarro.automation.testSuite.LumaTestSuite" name="VerifyAddtoCart" time="0.0">
    <ignored/>
  </testcase> <!-- VerifyAddtoCart -->
  <testcase classname="com.nagarro.automation.testSuite.LumaTestSuite" name="VerifyLoginWithIncorrectCred" time="0.0">
    <ignored/>
  </testcase> <!-- VerifyLoginWithIncorrectCred -->
  <testcase classname="com.nagarro.automation.testSuite.LumaTestSuite" name="VerifyRegistrationPageMandatoryfield" time="0.0">
    <ignored/>
  </testcase> <!-- VerifyRegistrationPageMandatoryfield -->
</testsuite> <!-- Luma Test -->
