<?xml version="1.0" encoding="UTF-8"?>
<testng-results ignored="0" total="9" passed="7" failed="2" skipped="0">
  <reporter-output>
  </reporter-output>
  <suite started-at="2023-05-02T21:09:24 IST" name="LumaSuite" finished-at="2023-05-02T21:10:36 IST" duration-ms="71575">
    <groups>
      <group name="Register">
        <method signature="LumaTestSuite.VerifyCreateAnAccountPage()[pri:7, instance:com.nagarro.automation.testSuite.LumaTestSuite@1224144a]" name="VerifyCreateAnAccountPage" class="com.nagarro.automation.testSuite.LumaTestSuite"/>
        <method signature="LumaTestSuite.VerifyRegistrationPageMandatoryfield()[pri:4, instance:com.nagarro.automation.testSuite.LumaTestSuite@1224144a]" name="VerifyRegistrationPageMandatoryfield" class="com.nagarro.automation.testSuite.LumaTestSuite"/>
      </group> <!-- Register -->
      <group name="Search">
        <method signature="LumaTestSuite.VerifyApplyFilter()[pri:6, instance:com.nagarro.automation.testSuite.LumaTestSuite@1224144a]" name="VerifyApplyFilter" class="com.nagarro.automation.testSuite.LumaTestSuite"/>
        <method signature="LumaTestSuite.VerifySearch()[pri:5, instance:com.nagarro.automation.testSuite.LumaTestSuite@1224144a]" name="VerifySearch" class="com.nagarro.automation.testSuite.LumaTestSuite"/>
      </group> <!-- Search -->
      <group name="Login">
        <method signature="LumaTestSuite.VerifyLoginWithIncorrectCred()[pri:1, instance:com.nagarro.automation.testSuite.LumaTestSuite@1224144a]" name="VerifyLoginWithIncorrectCred" class="com.nagarro.automation.testSuite.LumaTestSuite"/>
        <method signature="LumaTestSuite.VerifyLoginWithInvalidCred()[pri:2, instance:com.nagarro.automation.testSuite.LumaTestSuite@1224144a]" name="VerifyLoginWithInvalidCred" class="com.nagarro.automation.testSuite.LumaTestSuite"/>
        <method signature="LumaTestSuite.VerifyLoginWithoutCredentials()[pri:3, instance:com.nagarro.automation.testSuite.LumaTestSuite@1224144a]" name="VerifyLoginWithoutCredentials" class="com.nagarro.automation.testSuite.LumaTestSuite"/>
        <method signature="LumaTestSuite.VerifyloginPage()[pri:8, instance:com.nagarro.automation.testSuite.LumaTestSuite@1224144a]" name="VerifyloginPage" class="com.nagarro.automation.testSuite.LumaTestSuite"/>
      </group> <!-- Login -->
      <group name="AddtoCart">
        <method signature="LumaTestSuite.VerifyAddtoCart()[pri:9, instance:com.nagarro.automation.testSuite.LumaTestSuite@1224144a]" name="VerifyAddtoCart" class="com.nagarro.automation.testSuite.LumaTestSuite"/>
      </group> <!-- AddtoCart -->
    </groups>
    <test started-at="2023-05-02T21:09:24 IST" name="lumaTest" finished-at="2023-05-02T21:10:36 IST" duration-ms="71575">
      <class name="com.nagarro.automation.testSuite.LumaTestSuite">
        <test-method is-config="true" signature="CreateHTMLReport()[pri:0, instance:com.nagarro.automation.testSuite.LumaTestSuite@1224144a]" started-at="2023-05-02T21:09:24 IST" name="CreateHTMLReport" finished-at="2023-05-02T21:09:24 IST" duration-ms="212" status="PASS">
          <reporter-output>
          </reporter-output>
        </test-method> <!-- CreateHTMLReport -->
        <test-method is-config="true" signature="invokeBrowser()[pri:0, instance:com.nagarro.automation.testSuite.LumaTestSuite@1224144a]" started-at="2023-05-02T21:09:24 IST" name="invokeBrowser" finished-at="2023-05-02T21:09:37 IST" duration-ms="12282" status="PASS">
          <reporter-output>
          </reporter-output>
        </test-method> <!-- invokeBrowser -->
        <test-method is-config="true" signature="CreateTest(java.lang.reflect.Method)[pri:0, instance:com.nagarro.automation.testSuite.LumaTestSuite@1224144a]" started-at="2023-05-02T21:09:37 IST" name="CreateTest" finished-at="2023-05-02T21:09:37 IST" duration-ms="5" status="PASS">
          <params>
            <param index="0">
              <value>
                <![CDATA[public void com.nagarro.automation.testSuite.LumaTestSuite.VerifyLoginWithIncorrectCred()]]>
              </value>
            </param>
          </params>
          <reporter-output>
          </reporter-output>
        </test-method> <!-- CreateTest -->
        <test-method signature="VerifyLoginWithIncorrectCred()[pri:1, instance:com.nagarro.automation.testSuite.LumaTestSuite@1224144a]" started-at="2023-05-02T21:09:37 IST" name="VerifyLoginWithIncorrectCred" description="Verify the login with incorrect credentials" finished-at="2023-05-02T21:09:41 IST" duration-ms="4859" status="PASS">
          <reporter-output>
          </reporter-output>
        </test-method> <!-- VerifyLoginWithIncorrectCred -->
        <test-method is-config="true" signature="AddResult(org.testng.ITestResult)[pri:0, instance:com.nagarro.automation.testSuite.LumaTestSuite@1224144a]" started-at="2023-05-02T21:09:41 IST" name="AddResult" finished-at="2023-05-02T21:09:42 IST" duration-ms="204" status="PASS">
          <params>
            <param index="0">
              <value>
                <![CDATA[[TestResult name=VerifyLoginWithIncorrectCred status=SUCCESS method=LumaTestSuite.VerifyLoginWithIncorrectCred()[pri:1, instance:com.nagarro.automation.testSuite.LumaTestSuite@1224144a] output={null}]]]>
              </value>
            </param>
          </params>
          <reporter-output>
          </reporter-output>
        </test-method> <!-- AddResult -->
        <test-method signature="VerifyLoginWithInvalidCred()[pri:2, instance:com.nagarro.automation.testSuite.LumaTestSuite@1224144a]" started-at="2023-05-02T21:09:42 IST" name="VerifyLoginWithInvalidCred" description="Verify the login with invalid credentials" finished-at="2023-05-02T21:09:44 IST" duration-ms="2691" status="PASS">
          <reporter-output>
          </reporter-output>
        </test-method> <!-- VerifyLoginWithInvalidCred -->
        <test-method is-config="true" signature="CreateTest(java.lang.reflect.Method)[pri:0, instance:com.nagarro.automation.testSuite.LumaTestSuite@1224144a]" started-at="2023-05-02T21:09:42 IST" name="CreateTest" finished-at="2023-05-02T21:09:42 IST" duration-ms="0" status="PASS">
          <params>
            <param index="0">
              <value>
                <![CDATA[public void com.nagarro.automation.testSuite.LumaTestSuite.VerifyLoginWithInvalidCred() throws java.io.IOException]]>
              </value>
            </param>
          </params>
          <reporter-output>
          </reporter-output>
        </test-method> <!-- CreateTest -->
        <test-method is-config="true" signature="AddResult(org.testng.ITestResult)[pri:0, instance:com.nagarro.automation.testSuite.LumaTestSuite@1224144a]" started-at="2023-05-02T21:09:44 IST" name="AddResult" finished-at="2023-05-02T21:09:45 IST" duration-ms="161" status="PASS">
          <params>
            <param index="0">
              <value>
                <![CDATA[[TestResult name=VerifyLoginWithInvalidCred status=SUCCESS method=LumaTestSuite.VerifyLoginWithInvalidCred()[pri:2, instance:com.nagarro.automation.testSuite.LumaTestSuite@1224144a] output={null}]]]>
              </value>
            </param>
          </params>
          <reporter-output>
          </reporter-output>
        </test-method> <!-- AddResult -->
        <test-method is-config="true" signature="CreateTest(java.lang.reflect.Method)[pri:0, instance:com.nagarro.automation.testSuite.LumaTestSuite@1224144a]" started-at="2023-05-02T21:09:45 IST" name="CreateTest" finished-at="2023-05-02T21:09:45 IST" duration-ms="0" status="PASS">
          <params>
            <param index="0">
              <value>
                <![CDATA[public void com.nagarro.automation.testSuite.LumaTestSuite.VerifyLoginWithoutCredentials()]]>
              </value>
            </param>
          </params>
          <reporter-output>
          </reporter-output>
        </test-method> <!-- CreateTest -->
        <test-method signature="VerifyLoginWithoutCredentials()[pri:3, instance:com.nagarro.automation.testSuite.LumaTestSuite@1224144a]" started-at="2023-05-02T21:09:45 IST" name="VerifyLoginWithoutCredentials" description="Verify the Mandatory fields of the login page" finished-at="2023-05-02T21:09:47 IST" duration-ms="2292" status="PASS">
          <reporter-output>
          </reporter-output>
        </test-method> <!-- VerifyLoginWithoutCredentials -->
        <test-method is-config="true" signature="AddResult(org.testng.ITestResult)[pri:0, instance:com.nagarro.automation.testSuite.LumaTestSuite@1224144a]" started-at="2023-05-02T21:09:47 IST" name="AddResult" finished-at="2023-05-02T21:09:48 IST" duration-ms="1083" status="PASS">
          <params>
            <param index="0">
              <value>
                <![CDATA[[TestResult name=VerifyLoginWithoutCredentials status=SUCCESS method=LumaTestSuite.VerifyLoginWithoutCredentials()[pri:3, instance:com.nagarro.automation.testSuite.LumaTestSuite@1224144a] output={null}]]]>
              </value>
            </param>
          </params>
          <reporter-output>
          </reporter-output>
        </test-method> <!-- AddResult -->
        <test-method signature="VerifyRegistrationPageMandatoryfield()[pri:4, instance:com.nagarro.automation.testSuite.LumaTestSuite@1224144a]" started-at="2023-05-02T21:09:48 IST" name="VerifyRegistrationPageMandatoryfield" description="Verify the Mandatory fields of the Registration page" finished-at="2023-05-02T21:09:53 IST" duration-ms="5092" status="PASS">
          <reporter-output>
          </reporter-output>
        </test-method> <!-- VerifyRegistrationPageMandatoryfield -->
        <test-method is-config="true" signature="CreateTest(java.lang.reflect.Method)[pri:0, instance:com.nagarro.automation.testSuite.LumaTestSuite@1224144a]" started-at="2023-05-02T21:09:48 IST" name="CreateTest" finished-at="2023-05-02T21:09:48 IST" duration-ms="0" status="PASS">
          <params>
            <param index="0">
              <value>
                <![CDATA[public void com.nagarro.automation.testSuite.LumaTestSuite.VerifyRegistrationPageMandatoryfield()]]>
              </value>
            </param>
          </params>
          <reporter-output>
          </reporter-output>
        </test-method> <!-- CreateTest -->
        <test-method is-config="true" signature="AddResult(org.testng.ITestResult)[pri:0, instance:com.nagarro.automation.testSuite.LumaTestSuite@1224144a]" started-at="2023-05-02T21:09:53 IST" name="AddResult" finished-at="2023-05-02T21:09:53 IST" duration-ms="180" status="PASS">
          <params>
            <param index="0">
              <value>
                <![CDATA[[TestResult name=VerifyRegistrationPageMandatoryfield status=SUCCESS method=LumaTestSuite.VerifyRegistrationPageMandatoryfield()[pri:4, instance:com.nagarro.automation.testSuite.LumaTestSuite@1224144a] output={null}]]]>
              </value>
            </param>
          </params>
          <reporter-output>
          </reporter-output>
        </test-method> <!-- AddResult -->
        <test-method is-config="true" signature="CreateTest(java.lang.reflect.Method)[pri:0, instance:com.nagarro.automation.testSuite.LumaTestSuite@1224144a]" started-at="2023-05-02T21:09:53 IST" name="CreateTest" finished-at="2023-05-02T21:09:53 IST" duration-ms="0" status="PASS">
          <params>
            <param index="0">
              <value>
                <![CDATA[public void com.nagarro.automation.testSuite.LumaTestSuite.VerifySearch() throws java.io.IOException]]>
              </value>
            </param>
          </params>
          <reporter-output>
          </reporter-output>
        </test-method> <!-- CreateTest -->
        <test-method signature="VerifySearch()[pri:5, instance:com.nagarro.automation.testSuite.LumaTestSuite@1224144a]" started-at="2023-05-02T21:09:53 IST" name="VerifySearch" description="Verify the search functionality by search the item" finished-at="2023-05-02T21:09:57 IST" duration-ms="3369" status="PASS">
          <reporter-output>
          </reporter-output>
        </test-method> <!-- VerifySearch -->
        <test-method is-config="true" signature="AddResult(org.testng.ITestResult)[pri:0, instance:com.nagarro.automation.testSuite.LumaTestSuite@1224144a]" started-at="2023-05-02T21:09:57 IST" name="AddResult" finished-at="2023-05-02T21:09:57 IST" duration-ms="256" status="PASS">
          <params>
            <param index="0">
              <value>
                <![CDATA[[TestResult name=VerifySearch status=SUCCESS method=LumaTestSuite.VerifySearch()[pri:5, instance:com.nagarro.automation.testSuite.LumaTestSuite@1224144a] output={null}]]]>
              </value>
            </param>
          </params>
          <reporter-output>
          </reporter-output>
        </test-method> <!-- AddResult -->
        <test-method is-config="true" signature="CreateTest(java.lang.reflect.Method)[pri:0, instance:com.nagarro.automation.testSuite.LumaTestSuite@1224144a]" started-at="2023-05-02T21:09:57 IST" name="CreateTest" finished-at="2023-05-02T21:09:57 IST" duration-ms="0" status="PASS">
          <params>
            <param index="0">
              <value>
                <![CDATA[public void com.nagarro.automation.testSuite.LumaTestSuite.VerifyApplyFilter() throws java.io.IOException]]>
              </value>
            </param>
          </params>
          <reporter-output>
          </reporter-output>
        </test-method> <!-- CreateTest -->
        <test-method signature="VerifyApplyFilter()[pri:6, instance:com.nagarro.automation.testSuite.LumaTestSuite@1224144a]" started-at="2023-05-02T21:09:57 IST" name="VerifyApplyFilter" description="Verify the filter after applying filter for the bags under gear section" finished-at="2023-05-02T21:10:03 IST" duration-ms="6359" status="PASS">
          <reporter-output>
          </reporter-output>
        </test-method> <!-- VerifyApplyFilter -->
        <test-method is-config="true" signature="AddResult(org.testng.ITestResult)[pri:0, instance:com.nagarro.automation.testSuite.LumaTestSuite@1224144a]" started-at="2023-05-02T21:10:03 IST" name="AddResult" finished-at="2023-05-02T21:10:03 IST" duration-ms="319" status="PASS">
          <params>
            <param index="0">
              <value>
                <![CDATA[[TestResult name=VerifyApplyFilter status=SUCCESS method=LumaTestSuite.VerifyApplyFilter()[pri:6, instance:com.nagarro.automation.testSuite.LumaTestSuite@1224144a] output={null}]]]>
              </value>
            </param>
          </params>
          <reporter-output>
          </reporter-output>
        </test-method> <!-- AddResult -->
        <test-method is-config="true" signature="CreateTest(java.lang.reflect.Method)[pri:0, instance:com.nagarro.automation.testSuite.LumaTestSuite@1224144a]" started-at="2023-05-02T21:10:03 IST" name="CreateTest" finished-at="2023-05-02T21:10:03 IST" duration-ms="0" status="PASS">
          <params>
            <param index="0">
              <value>
                <![CDATA[public void com.nagarro.automation.testSuite.LumaTestSuite.VerifyCreateAnAccountPage() throws java.io.IOException]]>
              </value>
            </param>
          </params>
          <reporter-output>
          </reporter-output>
        </test-method> <!-- CreateTest -->
        <test-method signature="VerifyCreateAnAccountPage()[pri:7, instance:com.nagarro.automation.testSuite.LumaTestSuite@1224144a]" started-at="2023-05-02T21:10:03 IST" name="VerifyCreateAnAccountPage" description="Verify the registration functionality by creating the new user for the site" finished-at="2023-05-02T21:10:16 IST" duration-ms="12444" status="PASS">
          <reporter-output>
          </reporter-output>
        </test-method> <!-- VerifyCreateAnAccountPage -->
        <test-method is-config="true" signature="AddResult(org.testng.ITestResult)[pri:0, instance:com.nagarro.automation.testSuite.LumaTestSuite@1224144a]" started-at="2023-05-02T21:10:16 IST" name="AddResult" finished-at="2023-05-02T21:10:16 IST" duration-ms="307" status="PASS">
          <params>
            <param index="0">
              <value>
                <![CDATA[[TestResult name=VerifyCreateAnAccountPage status=SUCCESS method=LumaTestSuite.VerifyCreateAnAccountPage()[pri:7, instance:com.nagarro.automation.testSuite.LumaTestSuite@1224144a] output={null}]]]>
              </value>
            </param>
          </params>
          <reporter-output>
          </reporter-output>
        </test-method> <!-- AddResult -->
        <test-method is-config="true" signature="CreateTest(java.lang.reflect.Method)[pri:0, instance:com.nagarro.automation.testSuite.LumaTestSuite@1224144a]" started-at="2023-05-02T21:10:16 IST" name="CreateTest" finished-at="2023-05-02T21:10:16 IST" duration-ms="0" status="PASS">
          <params>
            <param index="0">
              <value>
                <![CDATA[public void com.nagarro.automation.testSuite.LumaTestSuite.VerifyloginPage() throws java.io.IOException]]>
              </value>
            </param>
          </params>
          <reporter-output>
          </reporter-output>
        </test-method> <!-- CreateTest -->
        <test-method signature="VerifyloginPage()[pri:8, instance:com.nagarro.automation.testSuite.LumaTestSuite@1224144a]" started-at="2023-05-02T21:10:16 IST" name="VerifyloginPage" description="Verify the login functionality using correct username and password" finished-at="2023-05-02T21:10:27 IST" duration-ms="10306" status="FAIL">
          <exception class="org.openqa.selenium.NoSuchElementException">
            <message>
              <![CDATA[Timed out after 10 seconds. Unable to locate the element]]>
            </message>
            <full-stacktrace>
              <![CDATA[org.openqa.selenium.NoSuchElementException: Timed out after 10 seconds. Unable to locate the element
at org.openqa.selenium.support.pagefactory.AjaxElementLocator.findElement(AjaxElementLocator.java:99)
at org.openqa.selenium.support.pagefactory.internal.LocatingElementHandler.invoke(LocatingElementHandler.java:39)
at com.sun.proxy.$Proxy21.click(Unknown Source)
at com.nagarro.automation.pages.LandingPage.SignupCTAClick(LandingPage.java:44)
at com.nagarro.automation.testCase.LoginTestCase.OpenLoginpage(LoginTestCase.java:94)
at com.nagarro.automation.testCase.LoginTestCase.LoginTC(LoginTestCase.java:83)
at com.nagarro.automation.testSuite.LumaTestSuite.VerifyloginPage(LumaTestSuite.java:103)
at java.base/jdk.internal.reflect.NativeMethodAccessorImpl.invoke0(Native Method)
at java.base/jdk.internal.reflect.NativeMethodAccessorImpl.invoke(NativeMethodAccessorImpl.java:62)
at java.base/jdk.internal.reflect.DelegatingMethodAccessorImpl.invoke(DelegatingMethodAccessorImpl.java:43)
at java.base/java.lang.reflect.Method.invoke(Method.java:566)
at org.testng.internal.MethodInvocationHelper.invokeMethod(MethodInvocationHelper.java:133)
at org.testng.internal.TestInvoker.invokeMethod(TestInvoker.java:598)
at org.testng.internal.TestInvoker.invokeTestMethod(TestInvoker.java:173)
at org.testng.internal.MethodRunner.runInSequence(MethodRunner.java:46)
at org.testng.internal.TestInvoker$MethodInvocationAgent.invoke(TestInvoker.java:824)
at org.testng.internal.TestInvoker.invokeTestMethods(TestInvoker.java:146)
at org.testng.internal.TestMethodWorker.invokeTestMethods(TestMethodWorker.java:146)
at org.testng.internal.TestMethodWorker.run(TestMethodWorker.java:128)
at java.base/java.util.ArrayList.forEach(ArrayList.java:1540)
at org.testng.TestRunner.privateRun(TestRunner.java:794)
at org.testng.TestRunner.run(TestRunner.java:596)
at org.testng.SuiteRunner.runTest(SuiteRunner.java:377)
at org.testng.SuiteRunner.runSequentially(SuiteRunner.java:371)
at org.testng.SuiteRunner.privateRun(SuiteRunner.java:332)
at org.testng.SuiteRunner.run(SuiteRunner.java:276)
at org.testng.SuiteRunnerWorker.runSuite(SuiteRunnerWorker.java:53)
at org.testng.SuiteRunnerWorker.run(SuiteRunnerWorker.java:96)
at org.testng.TestNG.runSuitesSequentially(TestNG.java:1212)
at org.testng.TestNG.runSuitesLocally(TestNG.java:1134)
at org.testng.TestNG.runSuites(TestNG.java:1063)
at org.testng.TestNG.run(TestNG.java:1031)
at org.testng.remote.AbstractRemoteTestNG.run(AbstractRemoteTestNG.java:115)
at org.testng.remote.RemoteTestNG.initAndRun(RemoteTestNG.java:251)
at org.testng.remote.RemoteTestNG.main(RemoteTestNG.java:77)
Caused by: org.openqa.selenium.NoSuchElementException: no such element: Unable to locate element: {"method":"xpath","selector":"//div[@class='panel header']/ul[@class='header links']/li[2]/a"}
  (Session info: chrome=112.0.5615.138)
For documentation on this error, please visit: https://selenium.dev/exceptions/#no_such_element
Build info: version: '4.8.3', revision: 'e5e76298c3'
System info: os.name: 'Windows 10', os.arch: 'amd64', os.version: '10.0', java.version: '11.0.5'
Driver info: org.openqa.selenium.chrome.ChromeDriver
Command: [14c72d631cbf550ee16e075f4abeb9c1, findElement {using=xpath, value=//div[@class='panel header']/ul[@class='header links']/li[2]/a}]
Capabilities {acceptInsecureCerts: false, browserName: chrome, browserVersion: 112.0.5615.138, chrome: {chromedriverVersion: 112.0.5615.49 (bd2a7bcb881c..., userDataDir: C:\Users\palvika\AppData\Lo...}, goog:chromeOptions: {debuggerAddress: localhost:51354}, networkConnectionEnabled: false, pageLoadStrategy: normal, platformName: WINDOWS, proxy: Proxy(), se:cdp: ws://localhost:51354/devtoo..., se:cdpVersion: 112.0.5615.138, setWindowRect: true, strictFileInteractability: false, timeouts: {implicit: 0, pageLoad: 300000, script: 30000}, unhandledPromptBehavior: dismiss and notify, webauthn:extension:credBlob: true, webauthn:extension:largeBlob: true, webauthn:extension:minPinLength: true, webauthn:extension:prf: true, webauthn:virtualAuthenticators: true}
Session ID: 14c72d631cbf550ee16e075f4abeb9c1
at jdk.internal.reflect.GeneratedConstructorAccessor53.newInstance(Unknown Source)
at java.base/jdk.internal.reflect.DelegatingConstructorAccessorImpl.newInstance(DelegatingConstructorAccessorImpl.java:45)
at java.base/java.lang.reflect.Constructor.newInstance(Constructor.java:490)
at org.openqa.selenium.remote.codec.w3c.W3CHttpResponseCodec.createException(W3CHttpResponseCodec.java:200)
at org.openqa.selenium.remote.codec.w3c.W3CHttpResponseCodec.decode(W3CHttpResponseCodec.java:133)
at org.openqa.selenium.remote.codec.w3c.W3CHttpResponseCodec.decode(W3CHttpResponseCodec.java:53)
at org.openqa.selenium.remote.HttpCommandExecutor.execute(HttpCommandExecutor.java:193)
at org.openqa.selenium.remote.service.DriverCommandExecutor.invokeExecute(DriverCommandExecutor.java:183)
at org.openqa.selenium.remote.service.DriverCommandExecutor.execute(DriverCommandExecutor.java:158)
at org.openqa.selenium.remote.RemoteWebDriver.execute(RemoteWebDriver.java:543)
at org.openqa.selenium.remote.ElementLocation$ElementFinder$2.findElement(ElementLocation.java:162)
at org.openqa.selenium.remote.ElementLocation.findElement(ElementLocation.java:60)
at org.openqa.selenium.remote.RemoteWebDriver.findElement(RemoteWebDriver.java:352)
at org.openqa.selenium.remote.RemoteWebDriver.findElement(RemoteWebDriver.java:344)
at org.openqa.selenium.support.pagefactory.DefaultElementLocator.findElement(DefaultElementLocator.java:70)
at org.openqa.selenium.support.pagefactory.AjaxElementLocator.access$001(AjaxElementLocator.java:39)
at org.openqa.selenium.support.pagefactory.AjaxElementLocator$SlowLoadingElement.isLoaded(AjaxElementLocator.java:165)
at org.openqa.selenium.support.ui.SlowLoadableComponent.get(SlowLoadableComponent.java:72)
at org.openqa.selenium.support.pagefactory.AjaxElementLocator.findElement(AjaxElementLocator.java:95)
... 34 more
]]>
            </full-stacktrace>
          </exception> <!-- org.openqa.selenium.NoSuchElementException -->
          <reporter-output>
          </reporter-output>
        </test-method> <!-- VerifyloginPage -->
        <test-method is-config="true" signature="AddResult(org.testng.ITestResult)[pri:0, instance:com.nagarro.automation.testSuite.LumaTestSuite@1224144a]" started-at="2023-05-02T21:10:27 IST" name="AddResult" finished-at="2023-05-02T21:10:27 IST" duration-ms="198" status="PASS">
          <params>
            <param index="0">
              <value>
                <![CDATA[[TestResult name=VerifyloginPage status=FAILURE method=LumaTestSuite.VerifyloginPage()[pri:8, instance:com.nagarro.automation.testSuite.LumaTestSuite@1224144a] output={null}]]]>
              </value>
            </param>
          </params>
          <reporter-output>
          </reporter-output>
        </test-method> <!-- AddResult -->
        <test-method is-config="true" signature="CreateTest(java.lang.reflect.Method)[pri:0, instance:com.nagarro.automation.testSuite.LumaTestSuite@1224144a]" started-at="2023-05-02T21:10:27 IST" name="CreateTest" finished-at="2023-05-02T21:10:27 IST" duration-ms="0" status="PASS">
          <params>
            <param index="0">
              <value>
                <![CDATA[public void com.nagarro.automation.testSuite.LumaTestSuite.VerifyAddtoCart() throws java.io.IOException]]>
              </value>
            </param>
          </params>
          <reporter-output>
          </reporter-output>
        </test-method> <!-- CreateTest -->
        <test-method signature="VerifyAddtoCart()[pri:9, instance:com.nagarro.automation.testSuite.LumaTestSuite@1224144a]" started-at="2023-05-02T21:10:27 IST" name="VerifyAddtoCart" description="Verify the add to cart functionality by search the item and add it to cart" finished-at="2023-05-02T21:10:35 IST" duration-ms="7942" status="FAIL">
          <exception class="java.lang.AssertionError">
            <message>
              <![CDATA[expected [true] but found [false]]]>
            </message>
            <full-stacktrace>
              <![CDATA[java.lang.AssertionError: expected [true] but found [false]
at org.testng.Assert.fail(Assert.java:99)
at org.testng.Assert.failNotEquals(Assert.java:1037)
at org.testng.Assert.assertTrue(Assert.java:45)
at org.testng.Assert.assertTrue(Assert.java:55)
at com.nagarro.automation.testCase.LoginTestCase.LoginTC(LoginTestCase.java:87)
at com.nagarro.automation.testCase.AddToCartTestCase.loginUser(AddToCartTestCase.java:41)
at com.nagarro.automation.testCase.AddToCartTestCase.AddToCartTC(AddToCartTestCase.java:136)
at com.nagarro.automation.testSuite.LumaTestSuite.VerifyAddtoCart(LumaTestSuite.java:112)
at java.base/jdk.internal.reflect.NativeMethodAccessorImpl.invoke0(Native Method)
at java.base/jdk.internal.reflect.NativeMethodAccessorImpl.invoke(NativeMethodAccessorImpl.java:62)
at java.base/jdk.internal.reflect.DelegatingMethodAccessorImpl.invoke(DelegatingMethodAccessorImpl.java:43)
at java.base/java.lang.reflect.Method.invoke(Method.java:566)
at org.testng.internal.MethodInvocationHelper.invokeMethod(MethodInvocationHelper.java:133)
at org.testng.internal.TestInvoker.invokeMethod(TestInvoker.java:598)
at org.testng.internal.TestInvoker.invokeTestMethod(TestInvoker.java:173)
at org.testng.internal.MethodRunner.runInSequence(MethodRunner.java:46)
at org.testng.internal.TestInvoker$MethodInvocationAgent.invoke(TestInvoker.java:824)
at org.testng.internal.TestInvoker.invokeTestMethods(TestInvoker.java:146)
at org.testng.internal.TestMethodWorker.invokeTestMethods(TestMethodWorker.java:146)
at org.testng.internal.TestMethodWorker.run(TestMethodWorker.java:128)
at java.base/java.util.ArrayList.forEach(ArrayList.java:1540)
at org.testng.TestRunner.privateRun(TestRunner.java:794)
at org.testng.TestRunner.run(TestRunner.java:596)
at org.testng.SuiteRunner.runTest(SuiteRunner.java:377)
at org.testng.SuiteRunner.runSequentially(SuiteRunner.java:371)
at org.testng.SuiteRunner.privateRun(SuiteRunner.java:332)
at org.testng.SuiteRunner.run(SuiteRunner.java:276)
at org.testng.SuiteRunnerWorker.runSuite(SuiteRunnerWorker.java:53)
at org.testng.SuiteRunnerWorker.run(SuiteRunnerWorker.java:96)
at org.testng.TestNG.runSuitesSequentially(TestNG.java:1212)
at org.testng.TestNG.runSuitesLocally(TestNG.java:1134)
at org.testng.TestNG.runSuites(TestNG.java:1063)
at org.testng.TestNG.run(TestNG.java:1031)
at org.testng.remote.AbstractRemoteTestNG.run(AbstractRemoteTestNG.java:115)
at org.testng.remote.RemoteTestNG.initAndRun(RemoteTestNG.java:251)
at org.testng.remote.RemoteTestNG.main(RemoteTestNG.java:77)
]]>
            </full-stacktrace>
          </exception> <!-- java.lang.AssertionError -->
          <reporter-output>
          </reporter-output>
        </test-method> <!-- VerifyAddtoCart -->
        <test-method is-config="true" signature="AddResult(org.testng.ITestResult)[pri:0, instance:com.nagarro.automation.testSuite.LumaTestSuite@1224144a]" started-at="2023-05-02T21:10:35 IST" name="AddResult" finished-at="2023-05-02T21:10:35 IST" duration-ms="162" status="PASS">
          <params>
            <param index="0">
              <value>
                <![CDATA[[TestResult name=VerifyAddtoCart status=FAILURE method=LumaTestSuite.VerifyAddtoCart()[pri:9, instance:com.nagarro.automation.testSuite.LumaTestSuite@1224144a] output={null}]]]>
              </value>
            </param>
          </params>
          <reporter-output>
          </reporter-output>
        </test-method> <!-- AddResult -->
        <test-method is-config="true" signature="tearDown()[pri:0, instance:com.nagarro.automation.testSuite.LumaTestSuite@1224144a]" started-at="2023-05-02T21:10:35 IST" name="tearDown" finished-at="2023-05-02T21:10:36 IST" duration-ms="1007" status="PASS">
          <reporter-output>
          </reporter-output>
        </test-method> <!-- tearDown -->
        <test-method is-config="true" signature="afterSuite()[pri:0, instance:com.nagarro.automation.testSuite.LumaTestSuite@1224144a]" started-at="2023-05-02T21:10:36 IST" name="afterSuite" finished-at="2023-05-02T21:10:37 IST" duration-ms="693" status="PASS">
          <reporter-output>
          </reporter-output>
        </test-method> <!-- afterSuite -->
      </class> <!-- com.nagarro.automation.testSuite.LumaTestSuite -->
    </test> <!-- lumaTest -->
  </suite> <!-- LumaSuite -->
</testng-results>
